<?xml version="1.0" encoding="UTF-8"?>
<!-- Generated by org.testng.reporters.JUnitXMLReporter -->
<testsuite ignored="1" hostname="Arpits-MacBook-Air-3.local" failures="0" tests="5" name="Test" time="51.915" errors="0" timestamp="21 Apr 2020 17:11:21 GMT">
  <testcase classname="Test_Scripts.Homepage_Test" name="getTitle" time="0.015"/>
  <testcase classname="Test_Scripts.Homepage_Test" name="hoverMarketActivity" time="27.834"/>
  <testcase classname="Test_Scripts.LoginPage_Test" name="getLoginpagetitle" time="0.01"/>
  <testcase classname="Test_Scripts.Homepage_Test" name="acceptcookie" time="5.113"/>
  <testcase classname="Test_Scripts.Homepage_Test" name="getLogin" time="5.168"/>
  <testcase classname="Test_Scripts.LoginPage_Test" name="create_newAccount" time="0.0">
    <ignored/>
  </testcase> <!-- create_newAccount -->
</testsuite> <!-- Test -->
