<?xml version="1.0" encoding="UTF-8"?>
<!-- Generated by org.testng.reporters.JUnitXMLReporter -->
<testsuite ignored="1" hostname="Arpits-MacBook-Air-3.local" failures="0" tests="5" name="Test" time="34.17" errors="0" timestamp="21 Apr 2020 07:58:18 GMT">
  <testcase classname="Test_Scripts.Homepage_Test" name="getTitle" time="0.025"/>
  <testcase classname="Test_Scripts.Homepage_Test" name="hoverMarketActivity" time="12.195"/>
  <testcase classname="Test_Scripts.LoginPage_Test" name="getLoginpagetitle" time="0.216"/>
  <testcase classname="Test_Scripts.Homepage_Test" name="acceptcookie" time="1.231"/>
  <testcase classname="Test_Scripts.Homepage_Test" name="getLogin" time="10.994"/>
  <testcase classname="Test_Scripts.LoginPage_Test" name="create_newAccount" time="0.0">
    <ignored/>
  </testcase> <!-- create_newAccount -->
</testsuite> <!-- Test -->
