<?xml version="1.0" encoding="UTF-8"?>
<!-- Generated by org.testng.reporters.JUnitXMLReporter -->
<testsuite hostname="Arpits-MacBook-Air-3.local" ignored="1" name="Test" tests="5" failures="0" timestamp="21 Apr 2020 09:52:46 GMT" time="68.675" errors="0">
  <testcase name="getTitle" time="0.009" classname="Test_Scripts.Homepage_Test"/>
  <testcase name="hoverMarketActivity" time="53.224" classname="Test_Scripts.Homepage_Test"/>
  <testcase name="getLoginpagetitle" time="0.058" classname="Test_Scripts.LoginPage_Test"/>
  <testcase name="acceptcookie" time="0.741" classname="Test_Scripts.Homepage_Test"/>
  <testcase name="getLogin" time="5.295" classname="Test_Scripts.Homepage_Test"/>
  <testcase name="create_newAccount" time="0.0" classname="Test_Scripts.LoginPage_Test">
    <ignored/>
  </testcase> <!-- create_newAccount -->
</testsuite> <!-- Test -->
